<?xml version="1.0" encoding="UTF-8"?>
<!-- Generated by org.testng.reporters.JUnitReportReporter -->
<testsuite skipped="0" hostname="Shilpa" name="com.sg.driver.DriverScript" tests="3" failures="0" timestamp="2022-05-17T15:54:26 IST" time="55.864" errors="0">
  <testcase name="runTestScripts" time="14.179" classname="com.sg.driver.DriverScript"/>
  <system-out/>
  <testcase name="runTestScripts" time="8.866" classname="com.sg.driver.DriverScript"/>
  <system-out/>
  <testcase name="runTestScripts" time="32.819" classname="com.sg.driver.DriverScript"/>
  <system-out/>
</testsuite> <!-- com.sg.driver.DriverScript -->
