<?xml version="1.0" encoding="UTF-8"?>
<!-- Generated by org.testng.reporters.JUnitReportReporter -->
<testsuite skipped="0" hostname="Shilpa" name="com.sg.driver.DriverScript" tests="1" failures="0" timestamp="2022-05-17T13:42:02 IST" time="9.590" errors="0">
  <testcase name="runTestScripts" time="9.590" classname="com.sg.driver.DriverScript"/>
  <system-out/>
</testsuite> <!-- com.sg.driver.DriverScript -->
