<?xml version="1.0" encoding="UTF-8"?>
<!-- Generated by org.testng.reporters.JUnitReportReporter -->
<testsuite skipped="0" hostname="Shilpa" name="com.sg.testscripts.UserModuleScripts" tests="3" failures="0" timestamp="2022-05-17T13:06:49 IST" time="63.733" errors="0">
  <testcase name="runTestScripts" time="36.595" classname="com.sg.testscripts.UserModuleScripts"/>
  <system-out/>
  <testcase name="runTestScripts" time="8.898" classname="com.sg.testscripts.UserModuleScripts"/>
  <system-out/>
  <testcase name="runTestScripts" time="18.240" classname="com.sg.testscripts.UserModuleScripts"/>
  <system-out/>
</testsuite> <!-- com.sg.testscripts.UserModuleScripts -->
