<?xml version="1.0" encoding="UTF-8"?>
<!-- Generated by org.testng.reporters.JUnitReportReporter -->
<testsuite skipped="0" hostname="Shilpa" name="com.sg.reports.ReportUtils" tests="3" failures="0" timestamp="2022-05-13T20:06:39 IST" time="0.261" errors="0">
  <testcase name="runTestScripts" time="0.077" classname="com.sg.reports.ReportUtils"/>
  <system-out/>
  <testcase name="runTestScripts" time="0.090" classname="com.sg.reports.ReportUtils"/>
  <system-out/>
  <testcase name="runTestScripts" time="0.094" classname="com.sg.reports.ReportUtils"/>
  <system-out/>
</testsuite> <!-- com.sg.reports.ReportUtils -->
